<?xml version="1.0" encoding="UTF-8"?>
<!-- Generated by org.testng.reporters.JUnitReportReporter -->
<testsuite hostname="EC2AMAZ-8KL45D2" failures="0" tests="1" name="com.WebOrder.WebOrder_Login2_gettext" time="5.802" errors="0" timestamp="2024-09-23T09:48:22 UTC" skipped="0">
  <testcase classname="com.WebOrder.WebOrder_Login2_gettext" name="login" time="5.802"/>
  <system-out/>
</testsuite> <!-- com.WebOrder.WebOrder_Login2_gettext -->
