<?xml version="1.0" encoding="UTF-8"?>
<!-- Generated by org.testng.reporters.JUnitReportReporter -->
<testsuite hostname="EC2AMAZ-8KL45D2" failures="0" tests="3" name="com.WebOrder.Assignment_Darshith" time="1.222" errors="0" timestamp="2024-09-25T03:16:40 UTC" skipped="0">
  <testcase classname="com.WebOrder.Assignment_Darshith" name="Create_Order" time="0.389"/>
  <system-out/>
  <testcase classname="com.WebOrder.Assignment_Darshith" name="Create_Order" time="0.441"/>
  <system-out/>
  <testcase classname="com.WebOrder.Assignment_Darshith" name="Create_Order" time="0.392"/>
  <system-out/>
</testsuite> <!-- com.WebOrder.Assignment_Darshith -->
