<?xml version="1.0" encoding="UTF-8"?>
<!-- Generated by org.testng.reporters.JUnitReportReporter -->
<testsuite hostname="EC2AMAZ-8KL45D2" failures="0" tests="2" name="com.WebOrder.MouseHover" time="12.263" errors="0" timestamp="2024-09-26T10:29:21 UTC" skipped="1">
  <testcase classname="com.WebOrder.MouseHover" name="MouseHover" time="12.263"/>
  <system-out/>
  <testcase classname="com.WebOrder.MouseHover" name="MouseHoverYatra">
    <skipped/>
  </testcase> <!-- MouseHoverYatra -->
  <system-out/>
</testsuite> <!-- com.WebOrder.MouseHover -->
