<?xml version="1.0" encoding="UTF-8"?>
<!-- Generated by org.testng.reporters.JUnitReportReporter -->
<testsuite hostname="EC2AMAZ-8KL45D2" failures="0" tests="4" name="com.Assignments.Assignment5" time="46.400" errors="0" timestamp="2024-09-27T10:11:28 UTC" skipped="0">
  <testcase classname="com.Assignments.Assignment5" name="main" time="15.410"/>
  <system-out/>
  <testcase classname="com.Assignments.Assignment5" name="main" time="15.398"/>
  <system-out/>
  <testcase classname="com.Assignments.Assignment5" name="main" time="15.565"/>
  <system-out/>
  <testcase classname="com.Assignments.Assignment5" name="CartTotal" time="0.027"/>
  <system-out/>
</testsuite> <!-- com.Assignments.Assignment5 -->
