<?xml version="1.0" encoding="UTF-8"?>
<!-- Generated by org.testng.reporters.JUnitReportReporter -->
<testsuite hostname="EC2AMAZ-8KL45D2" failures="0" tests="3" name="com.WebOrder.Alert_Example" time="0.349" errors="0" timestamp="2024-09-25T08:53:46 UTC" skipped="0">
  <testcase classname="com.WebOrder.Alert_Example" name="JS_Alert" time="0.117"/>
  <system-out/>
  <testcase classname="com.WebOrder.Alert_Example" name="JS_Confirm" time="0.099"/>
  <system-out/>
  <testcase classname="com.WebOrder.Alert_Example" name="JS_Prompt" time="0.133"/>
  <system-out/>
</testsuite> <!-- com.WebOrder.Alert_Example -->
