<?xml version="1.0" encoding="UTF-8"?>
<!-- Generated by org.testng.reporters.JUnitReportReporter -->
<testsuite hostname="EC2AMAZ-8KL45D2" failures="0" tests="3" name="com.Assignments.Assignment_Darshith" time="1.226" errors="0" timestamp="2024-09-25T03:19:25 UTC" skipped="0">
  <testcase classname="com.Assignments.Assignment_Darshith" name="Create_Order" time="0.449"/>
  <system-out/>
  <testcase classname="com.Assignments.Assignment_Darshith" name="Create_Order" time="0.411"/>
  <system-out/>
  <testcase classname="com.Assignments.Assignment_Darshith" name="Create_Order" time="0.366"/>
  <system-out/>
</testsuite> <!-- com.Assignments.Assignment_Darshith -->
