<?xml version="1.0" encoding="UTF-8"?>
<!-- Generated by org.testng.reporters.JUnitReportReporter -->
<testsuite hostname="EC2AMAZ-8KL45D2" failures="0" tests="3" name="com.WebOrder.Cross_Browser_Example" time="8.933" errors="0" timestamp="2024-09-25T04:13:40 UTC" skipped="0">
  <testcase classname="com.WebOrder.Cross_Browser_Example" name="login_to_app" time="2.272"/>
  <system-out/>
  <testcase classname="com.WebOrder.Cross_Browser_Example" name="login_to_app" time="2.640"/>
  <system-out/>
  <testcase classname="com.WebOrder.Cross_Browser_Example" name="login_to_app" time="4.021"/>
  <system-out/>
</testsuite> <!-- com.WebOrder.Cross_Browser_Example -->
