<?xml version="1.0" encoding="UTF-8"?>
<!-- Generated by org.testng.reporters.JUnitReportReporter -->
<testsuite hostname="EC2AMAZ-8KL45D2" failures="0" tests="4" name="com.WebOrder.WebOrder_Login_DataDrivenTest_Using_Excel" time="5.092" errors="0" timestamp="2024-09-25T06:26:37 UTC" skipped="0">
  <testcase classname="com.WebOrder.WebOrder_Login_DataDrivenTest_Using_Excel" name="login" time="1.074"/>
  <system-out/>
  <testcase classname="com.WebOrder.WebOrder_Login_DataDrivenTest_Using_Excel" name="login" time="0.911"/>
  <system-out/>
  <testcase classname="com.WebOrder.WebOrder_Login_DataDrivenTest_Using_Excel" name="login" time="1.542"/>
  <system-out/>
  <testcase classname="com.WebOrder.WebOrder_Login_DataDrivenTest_Using_Excel" name="login" time="1.565"/>
  <system-out/>
</testsuite> <!-- com.WebOrder.WebOrder_Login_DataDrivenTest_Using_Excel -->
