<?xml version="1.0" encoding="UTF-8"?>
<!-- Generated by org.testng.reporters.JUnitReportReporter -->
<testsuite hostname="EC2AMAZ-8KL45D2" failures="0" tests="1" name="com.WebOrder.Java_Class" time="0.013" errors="0" timestamp="2024-09-25T03:40:46 UTC" skipped="0">
  <testcase classname="com.WebOrder.Java_Class" name="l" time="0.013"/>
  <system-out/>
</testsuite> <!-- com.WebOrder.Java_Class -->
