<?xml version="1.0" encoding="UTF-8"?>
<!-- Generated by org.testng.reporters.JUnitReportReporter -->
<testsuite hostname="EC2AMAZ-8KL45D2" failures="0" tests="4" name="com.WebOrder.WebOrder_DeleteOrder_VerifyOrder" time="9.969" errors="0" timestamp="2024-09-25T06:56:43 UTC" skipped="0">
  <testcase classname="com.WebOrder.WebOrder_DeleteOrder_VerifyOrder" name="login_to_app" time="0.994"/>
  <system-out/>
  <testcase classname="com.WebOrder.WebOrder_DeleteOrder_VerifyOrder" name="create_Order" time="6.740"/>
  <system-out/>
  <testcase classname="com.WebOrder.WebOrder_DeleteOrder_VerifyOrder" name="update_order" time="0.997"/>
  <system-out/>
  <testcase classname="com.WebOrder.WebOrder_DeleteOrder_VerifyOrder" name="delete_order" time="1.238"/>
  <system-out/>
</testsuite> <!-- com.WebOrder.WebOrder_DeleteOrder_VerifyOrder -->
